#
# A fatal error has been detected by the Java Runtime Environment:
#
#  SIGSEGV (0xb) at pc=0x00007f256bc247c3, pid=6840, tid=0x00007f25693a9700
#
# JRE version: OpenJDK Runtime Environment (8.0_121-b13) (build 1.8.0_121-8u121-b13-0ubuntu1.16.04.2-b13)
# Java VM: OpenJDK 64-Bit Server VM (25.121-b13 mixed mode linux-amd64 compressed oops)
# Problematic frame:
# V  [libjvm.so+0x3c37c3]
#
# Failed to write core dump. Core dumps have been disabled. To enable core dumping, try "ulimit -c unlimited" before starting Java again
#
# If you would like to submit a bug report, please visit:
#   http://bugreport.java.com/bugreport/crash.jsp
#

---------------  T H R E A D  ---------------

Current thread (0x00007f2564026800):  GCTaskThread [stack: 0x00007f25692a9000,0x00007f25693aa000] [id=6850]

siginfo: si_signo: 11 (SIGSEGV), si_code: 1 (SEGV_MAPERR), si_addr: 0x00000000000000d0

Registers:
RAX=0x00007f256c757960, RBX=0x00000000a56f4ca0, RCX=0x0000000000000003, RDX=0x0000000000000001
RSP=0x00007f25693a8d30, RBP=0x00007f25693a8dd0, RSI=0x0000000000000007, RDI=0x00000000000000c8
R8 =0x0000000100001868, R9 =0x00007f2564077398, R10=0x0000000000000001, R11=0x00007f25696b27a5
R12=0x00007f25698997a7, R13=0x00007f256401a070, R14=0x00000000a56f4e00, R15=0x0000000000000240
RIP=0x00007f256bc247c3, EFLAGS=0x0000000000010202, CSGSFS=0x0000000000000033, ERR=0x0000000000000004
  TRAPNO=0x000000000000000e

Top of Stack: (sp=0x00007f25693a8d30)
0x00007f25693a8d30:   ffff80da9676c200 0000000000000180
0x00007f25693a8d40:   00007f2569894000 0000000000000200
0x00007f25693a8d50:   00007f2569899780 00000000a58c0500
0x00007f25693a8d60:   00007f2569899800 00000000a5700028
0x00007f25693a8d70:   00007f2569899780 00007f256989a603
0x00007f25693a8d80:   00000000a56f4bf8 00007f2564077300
0x00007f25693a8d90:   00007f2569899801 00007f2564019db0
0x00007f25693a8da0:   00007f25693a8dd0 00007f25640291b0
0x00007f25693a8db0:   00007f2564077300 00007f256c3425e7
0x00007f25693a8dc0:   00007f2564026800 00007f256c7756a8
0x00007f25693a8dd0:   00007f25693a8e00 00007f256c189299
0x00007f25693a8de0:   0000000000000004 00007f256c189261
0x00007f25693a8df0:   0000000000000001 00007f25640291b0
0x00007f25693a8e00:   00007f25693a8f10 00007f256be060e2
0x00007f25693a8e10:   00000000000003d8 00007f2564027458
0x00007f25693a8e20:   00007f2564027080 00007f25693a8ea0
0x00007f25693a8e30:   00007f2564027030 00007f2564027070
0x00007f25693a8e40:   00007f25693a8e50 0000000000000000
0x00007f25693a8e50:   0000000000000000 00007f2564026800
0x00007f25693a8e60:   00007f2564026800 00007f2564027460
0x00007f25693a8e70:   00007f25640274a0 00007f25640274b0
0x00007f25693a8e80:   00007f2564027588 00000000000000d8
0x00007f25693a8e90:   00007f25640276c0 0000000000000001
0x00007f25693a8ea0:   00007f2564026800 00007f2564027460
0x00007f25693a8eb0:   00007f25640274a0 00007f25640274b0
0x00007f25693a8ec0:   00007f2564027588 00000000000000d8
0x00007f25693a8ed0:   00007f25693a8e60 922f2e22a5b6c300
0x00007f25693a8ee0:   00007f25693a8f10 00007f2564028030
0x00007f25693a8ef0:   00007f2564027f40 00007f2564026800
0x00007f25693a8f00:   00007f25693a99c0 0000000000000000
0x00007f25693a8f10:   00007f25693a8f50 00007f256c113042
0x00007f25693a8f20:   0000000000000000 0000000000000000 

Instructions: (pc=0x00007f256bc247c3)
0x00007f256bc247a3:   00 48 89 5d c0 4d 63 ff 48 89 c3 eb 6b 48 8d 05
0x00007f256bc247b3:   a9 31 b3 00 8b 7b 08 8b 48 08 48 d3 e7 48 03 38
0x00007f256bc247c3:   8b 47 08 3d ff ff ff bf 77 6f 48 8b 07 48 89 da
0x00007f256bc247d3:   48 8b 75 b8 ff 90 18 01 00 00 48 8d 05 25 11 b5 

Register to memory mapping:

RAX=0x00007f256c757960: <offset 0xef6960> in /usr/lib/jvm/java-8-openjdk-amd64/jre/lib/amd64/server/libjvm.so at 0x00007f256b861000
RBX=
[error occurred during error reporting (printing register info), id 0xb]

Stack: [0x00007f25692a9000,0x00007f25693aa000],  sp=0x00007f25693a8d30,  free space=1023k
Native frames: (J=compiled Java code, j=interpreted, Vv=VM code, C=native code)
V  [libjvm.so+0x3c37c3]
V  [libjvm.so+0x928299]
V  [libjvm.so+0x5a50e2]
V  [libjvm.so+0x8b2042]


---------------  P R O C E S S  ---------------

Java Threads: ( => current thread )
  0x00007f25640c3800 JavaThread "Service Thread" daemon [_thread_blocked, id=6858, stack(0x00007f2544c85000,0x00007f2544d86000)]
  0x00007f25640b4000 JavaThread "C1 CompilerThread2" daemon [_thread_blocked, id=6857, stack(0x00007f2544d86000,0x00007f2544e87000)]
  0x00007f25640b2000 JavaThread "C2 CompilerThread1" daemon [_thread_blocked, id=6856, stack(0x00007f2544e87000,0x00007f2544f88000)]
  0x00007f25640af000 JavaThread "C2 CompilerThread0" daemon [_thread_blocked, id=6855, stack(0x00007f255408e000,0x00007f255418f000)]
  0x00007f25640ad000 JavaThread "Signal Dispatcher" daemon [_thread_blocked, id=6854, stack(0x00007f255418f000,0x00007f2554290000)]
  0x00007f2564086000 JavaThread "Finalizer" daemon [_thread_blocked, id=6853, stack(0x00007f2554290000,0x00007f2554391000)]
  0x00007f2564081800 JavaThread "Reference Handler" daemon [_thread_blocked, id=6852, stack(0x00007f2554391000,0x00007f2554492000)]
  0x00007f256400c800 JavaThread "main" [_thread_blocked, id=6841, stack(0x00007f256d4b1000,0x00007f256d5b2000)]

Other Threads:
  0x00007f2564079800 VMThread [stack: 0x00007f2554492000,0x00007f2554593000] [id=6851]
  0x00007f25640c6000 WatcherThread [stack: 0x00007f2544b84000,0x00007f2544c85000] [id=6859]

=>0x00007f2564026800 (exited) GCTaskThread [stack: 0x00007f25692a9000,0x00007f25693aa000] [id=6850]

VM state:at safepoint (normal execution)

VM Mutex/Monitor currently owned by a thread:  ([mutex/lock_event])
[0x00007f2564008a10] Threads_lock - owner thread: 0x00007f2564079800
[0x00007f2564008f10] Heap_lock - owner thread: 0x00007f256400c800

Heap:
 PSYoungGen      total 290304K, used 283136K [0x00000000e1980000, 0x00000000f8680000, 0x0000000100000000)
  eden space 283136K, 100% used [0x00000000e1980000,0x00000000f2e00000,0x00000000f2e00000)
  from space 7168K, 0% used [0x00000000f2e00000,0x00000000f2e00000,0x00000000f3500000)
  to   space 7680K, 40% used [0x00000000f7f00000,0x00000000f8210b00,0x00000000f8680000)
 ParOldGen       total 76288K, used 13057K [0x00000000a4c00000, 0x00000000a9680000, 0x00000000e1980000)
  object space 76288K, 17% used [0x00000000a4c00000,0x00000000a58c0500,0x00000000a9680000)
 Metaspace       used 32808K, capacity 46783K, committed 46976K, reserved 1083392K
  class space    used 9137K, capacity 13935K, committed 13952K, reserved 1048576K

Card table byte_map: [0x00007f2569894000,0x00007f2569b6f000] byte_map_base: 0x00007f256936e000

Marking Bits: (ParMarkBitMap*) 0x00007f256c77f220
 Begin Bits: [0x00007f2545260000, 0x00007f2546930000)
 End Bits:   [0x00007f2546930000, 0x00007f2548000000)

Polling page: 0x00007f256d5d1000

CodeCache: size=245760Kb used=6303Kb max_used=6303Kb free=239456Kb
 bounds [0x00007f2555000000, 0x00007f2555630000, 0x00007f2564000000]
 total_blobs=2916 nmethods=2568 adapters=262
 compilation: enabled

Compilation events (10 events):
Event: 7.427 Thread 0x00007f25640b4000 2564       1       clojure.core$defmacro$add_implicit_args__4406::invoke (33 bytes)
Event: 7.427 Thread 0x00007f25640b4000 nmethod 2564 0x00007f2555622010 code [0x00007f25556221c0, 0x00007f2555622398]
Event: 7.487 Thread 0x00007f25640b4000 2565       1       java.lang.ThreadLocal::initialValue (2 bytes)
Event: 7.488 Thread 0x00007f25640b4000 nmethod 2565 0x00007f2555622510 code [0x00007f2555622660, 0x00007f2555622770]
Event: 7.488 Thread 0x00007f25640b4000 2566       1       clojure.lang.RT::classForNameNonLoading (9 bytes)
Event: 7.489 Thread 0x00007f25640b4000 nmethod 2566 0x00007f25556227d0 code [0x00007f2555622940, 0x00007f2555622a78]
Event: 7.494 Thread 0x00007f25640b4000 2567       1       sun.nio.cs.UTF_8$Decoder::decode (779 bytes)
Event: 7.498 Thread 0x00007f25640b4000 nmethod 2567 0x00007f2555622b10 code [0x00007f2555622f00, 0x00007f2555624d58]
Event: 7.498 Thread 0x00007f25640b4000 2568       1       java.util.jar.Manifest$FastInputStream::readLine (167 bytes)
Event: 7.499 Thread 0x00007f25640b4000 nmethod 2568 0x00007f2555627950 code [0x00007f2555627ae0, 0x00007f2555627e18]

GC Heap History (10 events):
Event: 2.865 GC heap after
Heap after GC invocations=7 (full 1):
 PSYoungGen      total 199168K, used 0K [0x00000000e1980000, 0x00000000ee280000, 0x0000000100000000)
  eden space 192512K, 0% used [0x00000000e1980000,0x00000000e1980000,0x00000000ed580000)
  from space 6656K, 0% used [0x00000000edc00000,0x00000000edc00000,0x00000000ee280000)
  to   space 6656K, 0% used [0x00000000ed580000,0x00000000ed580000,0x00000000edc00000)
 ParOldGen       total 46080K, used 7423K [0x00000000a4c00000, 0x00000000a7900000, 0x00000000e1980000)
  object space 46080K, 16% used [0x00000000a4c00000,0x00000000a533ffa0,0x00000000a7900000)
 Metaspace       used 17820K, capacity 21209K, committed 21296K, reserved 1064960K
  class space    used 4448K, capacity 5561K, committed 5632K, reserved 1048576K
}
Event: 4.053 GC heap before
{Heap before GC invocations=8 (full 1):
 PSYoungGen      total 199168K, used 192512K [0x00000000e1980000, 0x00000000ee280000, 0x0000000100000000)
  eden space 192512K, 100% used [0x00000000e1980000,0x00000000ed580000,0x00000000ed580000)
  from space 6656K, 0% used [0x00000000edc00000,0x00000000edc00000,0x00000000ee280000)
  to   space 6656K, 0% used [0x00000000ed580000,0x00000000ed580000,0x00000000edc00000)
 ParOldGen       total 46080K, used 7423K [0x00000000a4c00000, 0x00000000a7900000, 0x00000000e1980000)
  object space 46080K, 16% used [0x00000000a4c00000,0x00000000a533ffa0,0x00000000a7900000)
 Metaspace       used 21703K, capacity 28689K, committed 28800K, reserved 1069056K
  class space    used 5782K, capacity 8297K, committed 8320K, reserved 1048576K
Event: 4.059 GC heap after
Heap after GC invocations=8 (full 1):
 PSYoungGen      total 199168K, used 3256K [0x00000000e1980000, 0x00000000f3b80000, 0x0000000100000000)
  eden space 192512K, 0% used [0x00000000e1980000,0x00000000e1980000,0x00000000ed580000)
  from space 6656K, 48% used [0x00000000ed580000,0x00000000ed8ae2c0,0x00000000edc00000)
  to   space 6656K, 0% used [0x00000000f3500000,0x00000000f3500000,0x00000000f3b80000)
 ParOldGen       total 46080K, used 7431K [0x00000000a4c00000, 0x00000000a7900000, 0x00000000e1980000)
  object space 46080K, 16% used [0x00000000a4c00000,0x00000000a5341fa0,0x00000000a7900000)
 Metaspace       used 21703K, capacity 28689K, committed 28800K, reserved 1069056K
  class space    used 5782K, capacity 8297K, committed 8320K, reserved 1048576K
}
Event: 4.631 GC heap before
{Heap before GC invocations=9 (full 1):
 PSYoungGen      total 199168K, used 195768K [0x00000000e1980000, 0x00000000f3b80000, 0x0000000100000000)
  eden space 192512K, 100% used [0x00000000e1980000,0x00000000ed580000,0x00000000ed580000)
  from space 6656K, 48% used [0x00000000ed580000,0x00000000ed8ae2c0,0x00000000edc00000)
  to   space 6656K, 0% used [0x00000000f3500000,0x00000000f3500000,0x00000000f3b80000)
 ParOldGen       total 46080K, used 7431K [0x00000000a4c00000, 0x00000000a7900000, 0x00000000e1980000)
  object space 46080K, 16% used [0x00000000a4c00000,0x00000000a5341fa0,0x00000000a7900000)
 Metaspace       used 21741K, capacity 28761K, committed 28800K, reserved 1069056K
  class space    used 5784K, capacity 8297K, committed 8320K, reserved 1048576K
Event: 4.643 GC heap after
Heap after GC invocations=9 (full 1):
 PSYoungGen      total 289792K, used 6560K [0x00000000e1980000, 0x00000000f3d80000, 0x0000000100000000)
  eden space 283136K, 0% used [0x00000000e1980000,0x00000000e1980000,0x00000000f2e00000)
  from space 6656K, 98% used [0x00000000f3500000,0x00000000f3b68020,0x00000000f3b80000)
  to   space 7168K, 0% used [0x00000000f2e00000,0x00000000f2e00000,0x00000000f3500000)
 ParOldGen       total 46080K, used 7439K [0x00000000a4c00000, 0x00000000a7900000, 0x00000000e1980000)
  object space 46080K, 16% used [0x00000000a4c00000,0x00000000a5343fa0,0x00000000a7900000)
 Metaspace       used 21741K, capacity 28761K, committed 28800K, reserved 1069056K
  class space    used 5784K, capacity 8297K, committed 8320K, reserved 1048576K
}
Event: 5.767 GC heap before
{Heap before GC invocations=10 (full 1):
 PSYoungGen      total 289792K, used 192488K [0x00000000e1980000, 0x00000000f3d80000, 0x0000000100000000)
  eden space 283136K, 65% used [0x00000000e1980000,0x00000000ecf120c8,0x00000000f2e00000)
  from space 6656K, 98% used [0x00000000f3500000,0x00000000f3b68020,0x00000000f3b80000)
  to   space 7168K, 0% used [0x00000000f2e00000,0x00000000f2e00000,0x00000000f3500000)
 ParOldGen       total 46080K, used 7439K [0x00000000a4c00000, 0x00000000a7900000, 0x00000000e1980000)
  object space 46080K, 16% used [0x00000000a4c00000,0x00000000a5343fa0,0x00000000a7900000)
 Metaspace       used 26035K, capacity 35447K, committed 35496K, reserved 1075200K
  class space    used 7176K, capacity 10447K, committed 10496K, reserved 1048576K
Event: 5.777 GC heap after
Heap after GC invocations=10 (full 1):
 PSYoungGen      total 290304K, used 6090K [0x00000000e1980000, 0x00000000f8680000, 0x0000000100000000)
  eden space 283136K, 0% used [0x00000000e1980000,0x00000000e1980000,0x00000000f2e00000)
  from space 7168K, 84% used [0x00000000f2e00000,0x00000000f33f2b78,0x00000000f3500000)
  to   space 7680K, 0% used [0x00000000f7f00000,0x00000000f7f00000,0x00000000f8680000)
 ParOldGen       total 46080K, used 7447K [0x00000000a4c00000, 0x00000000a7900000, 0x00000000e1980000)
  object space 46080K, 16% used [0x00000000a4c00000,0x00000000a5345fa0,0x00000000a7900000)
 Metaspace       used 26035K, capacity 35447K, committed 35496K, reserved 1075200K
  class space    used 7176K, capacity 10447K, committed 10496K, reserved 1048576K
}
Event: 5.777 GC heap before
{Heap before GC invocations=11 (full 2):
 PSYoungGen      total 290304K, used 6090K [0x00000000e1980000, 0x00000000f8680000, 0x0000000100000000)
  eden space 283136K, 0% used [0x00000000e1980000,0x00000000e1980000,0x00000000f2e00000)
  from space 7168K, 84% used [0x00000000f2e00000,0x00000000f33f2b78,0x00000000f3500000)
  to   space 7680K, 0% used [0x00000000f7f00000,0x00000000f7f00000,0x00000000f8680000)
 ParOldGen       total 46080K, used 7447K [0x00000000a4c00000, 0x00000000a7900000, 0x00000000e1980000)
  object space 46080K, 16% used [0x00000000a4c00000,0x00000000a5345fa0,0x00000000a7900000)
 Metaspace       used 26035K, capacity 35447K, committed 35496K, reserved 1075200K
  class space    used 7176K, capacity 10447K, committed 10496K, reserved 1048576K
Event: 5.916 GC heap after
Heap after GC invocations=11 (full 2):
 PSYoungGen      total 290304K, used 0K [0x00000000e1980000, 0x00000000f8680000, 0x0000000100000000)
  eden space 283136K, 0% used [0x00000000e1980000,0x00000000e1980000,0x00000000f2e00000)
  from space 7168K, 0% used [0x00000000f2e00000,0x00000000f2e00000,0x00000000f3500000)
  to   space 7680K, 0% used [0x00000000f7f00000,0x00000000f7f00000,0x00000000f8680000)
 ParOldGen       total 76288K, used 13057K [0x00000000a4c00000, 0x00000000a9680000, 0x00000000e1980000)
  object space 76288K, 17% used [0x00000000a4c00000,0x00000000a58c0500,0x00000000a9680000)
 Metaspace       used 26035K, capacity 35447K, committed 35496K, reserved 1075200K
  class space    used 7176K, capacity 10447K, committed 10496K, reserved 1048576K
}
Event: 7.610 GC heap before
{Heap before GC invocations=12 (full 2):
 PSYoungGen      total 290304K, used 283136K [0x00000000e1980000, 0x00000000f8680000, 0x0000000100000000)
  eden space 283136K, 100% used [0x00000000e1980000,0x00000000f2e00000,0x00000000f2e00000)
  from space 7168K, 0% used [0x00000000f2e00000,0x00000000f2e00000,0x00000000f3500000)
  to   space 7680K, 0% used [0x00000000f7f00000,0x00000000f7f00000,0x00000000f8680000)
 ParOldGen       total 76288K, used 13057K [0x00000000a4c00000, 0x00000000a9680000, 0x00000000e1980000)
  object space 76288K, 17% used [0x00000000a4c00000,0x00000000a58c0500,0x00000000a9680000)
 Metaspace       used 32808K, capacity 46783K, committed 46976K, reserved 1083392K
  class space    used 9137K, capacity 13935K, committed 13952K, reserved 1048576K

Deoptimization events (0 events):
No events

Internal exceptions (10 events):
Event: 0.070 Thread 0x00007f256400c800 Exception <a 'java/security/PrivilegedActionException'> (0x00000000e1a7a258) thrown at [/build/openjdk-8-YiEakL/openjdk-8-8u121-b13/src/hotspot/src/share/vm/prims/jvm.cpp, line 1390]
Event: 0.070 Thread 0x00007f256400c800 Exception <a 'java/security/PrivilegedActionException'> (0x00000000e1a7a468) thrown at [/build/openjdk-8-YiEakL/openjdk-8-8u121-b13/src/hotspot/src/share/vm/prims/jvm.cpp, line 1390]
Event: 0.183 Thread 0x00007f256400c800 Exception <a 'java/security/PrivilegedActionException'> (0x00000000e1f768e8) thrown at [/build/openjdk-8-YiEakL/openjdk-8-8u121-b13/src/hotspot/src/share/vm/prims/jvm.cpp, line 1390]
Event: 0.183 Thread 0x00007f256400c800 Exception <a 'java/security/PrivilegedActionException'> (0x00000000e1f76af8) thrown at [/build/openjdk-8-YiEakL/openjdk-8-8u121-b13/src/hotspot/src/share/vm/prims/jvm.cpp, line 1390]
Event: 0.183 Thread 0x00007f256400c800 Exception <a 'java/security/PrivilegedActionException'> (0x00000000e1f78b80) thrown at [/build/openjdk-8-YiEakL/openjdk-8-8u121-b13/src/hotspot/src/share/vm/prims/jvm.cpp, line 1390]
Event: 0.183 Thread 0x00007f256400c800 Exception <a 'java/security/PrivilegedActionException'> (0x00000000e1f78d90) thrown at [/build/openjdk-8-YiEakL/openjdk-8-8u121-b13/src/hotspot/src/share/vm/prims/jvm.cpp, line 1390]
Event: 0.183 Thread 0x00007f256400c800 Exception <a 'java/security/PrivilegedActionException'> (0x00000000e1f79868) thrown at [/build/openjdk-8-YiEakL/openjdk-8-8u121-b13/src/hotspot/src/share/vm/prims/jvm.cpp, line 1390]
Event: 0.183 Thread 0x00007f256400c800 Exception <a 'java/security/PrivilegedActionException'> (0x00000000e1f79a78) thrown at [/build/openjdk-8-YiEakL/openjdk-8-8u121-b13/src/hotspot/src/share/vm/prims/jvm.cpp, line 1390]
Event: 0.705 Thread 0x00007f256400c800 Exception <a 'java/security/PrivilegedActionException'> (0x00000000e2697960) thrown at [/build/openjdk-8-YiEakL/openjdk-8-8u121-b13/src/hotspot/src/share/vm/prims/jvm.cpp, line 1390]
Event: 0.705 Thread 0x00007f256400c800 Exception <a 'java/security/PrivilegedActionException'> (0x00000000e2697d58) thrown at [/build/openjdk-8-YiEakL/openjdk-8-8u121-b13/src/hotspot/src/share/vm/prims/jvm.cpp, line 1390]

Events (10 events):
Event: 7.606 loading class com/google/common/collect/ImmutableList done
Event: 7.607 loading class com/google/common/collect/RegularImmutableAsList
Event: 7.607 loading class com/google/common/collect/RegularImmutableAsList done
Event: 7.607 loading class com/google/common/collect/ImmutableAsList
Event: 7.607 loading class com/google/common/collect/ImmutableAsList done
Event: 7.608 loading class com/google/common/collect/SingletonImmutableSet
Event: 7.608 loading class com/google/common/collect/SingletonImmutableSet done
Event: 7.608 loading class com/google/common/collect/RegularImmutableSet
Event: 7.608 loading class com/google/common/collect/RegularImmutableSet done
Event: 7.610 Executing VM operation: ParallelGCFailedAllocation


Dynamic libraries:
00400000-00401000 r-xp 00000000 08:01 10489224                           /usr/lib/jvm/java-8-openjdk-amd64/jre/bin/java
00600000-00601000 r--p 00000000 08:01 10489224                           /usr/lib/jvm/java-8-openjdk-amd64/jre/bin/java
00601000-00602000 rw-p 00001000 08:01 10489224                           /usr/lib/jvm/java-8-openjdk-amd64/jre/bin/java
010ad000-010ce000 rw-p 00000000 00:00 0                                  [heap]
a4c00000-a9680000 rw-p 00000000 00:00 0 
a9680000-e1980000 ---p 00000000 00:00 0 
e1980000-f8680000 rw-p 00000000 00:00 0 
f8680000-100000000 ---p 00000000 00:00 0 
100000000-100da0000 rw-p 00000000 00:00 0 
100da0000-140000000 ---p 00000000 00:00 0 
7f251aae7000-7f251ab27000 rw-p 00000000 00:00 0 
7f251ab27000-7f251ace7000 ---p 00000000 00:00 0 
7f251ace7000-7f251aee7000 rw-p 00000000 00:00 0 
7f251aee7000-7f251b0e7000 rw-p 00000000 00:00 0 
7f251b0e7000-7f251b2e7000 rw-p 00000000 00:00 0 
7f251b2e7000-7f251b5e8000 rw-p 00000000 00:00 0 
7f251b5e8000-7f251b5ff000 r-xp 00000000 08:01 10487224                   /usr/lib/jvm/java-8-openjdk-amd64/jre/lib/amd64/libnet.so
7f251b5ff000-7f251b7fe000 ---p 00017000 08:01 10487224                   /usr/lib/jvm/java-8-openjdk-amd64/jre/lib/amd64/libnet.so
7f251b7fe000-7f251b7ff000 r--p 00016000 08:01 10487224                   /usr/lib/jvm/java-8-openjdk-amd64/jre/lib/amd64/libnet.so
7f251b7ff000-7f251b800000 rw-p 00017000 08:01 10487224                   /usr/lib/jvm/java-8-openjdk-amd64/jre/lib/amd64/libnet.so
7f251b800000-7f251ba00000 rw-p 00000000 00:00 0 
7f251ba00000-7f251bc00000 rw-p 00000000 00:00 0 
7f251bc00000-7f251be00000 rw-p 00000000 00:00 0 
7f251be00000-7f251c000000 rw-p 00000000 00:00 0 
7f251c000000-7f251c021000 rw-p 00000000 00:00 0 
7f251c021000-7f2520000000 ---p 00000000 00:00 0 
7f2520000000-7f2520021000 rw-p 00000000 00:00 0 
7f2520021000-7f2524000000 ---p 00000000 00:00 0 
7f2524000000-7f2524021000 rw-p 00000000 00:00 0 
7f2524021000-7f2528000000 ---p 00000000 00:00 0 
7f2528000000-7f252870a000 rw-p 00000000 00:00 0 
7f252870a000-7f252c000000 ---p 00000000 00:00 0 
7f252c000000-7f252c021000 rw-p 00000000 00:00 0 
7f252c021000-7f2530000000 ---p 00000000 00:00 0 
7f2530000000-7f2530036000 rw-p 00000000 00:00 0 
7f2530036000-7f2534000000 ---p 00000000 00:00 0 
7f2534000000-7f2534021000 rw-p 00000000 00:00 0 
7f2534021000-7f2538000000 ---p 00000000 00:00 0 
7f2538000000-7f2538021000 rw-p 00000000 00:00 0 
7f2538021000-7f253c000000 ---p 00000000 00:00 0 
7f253c000000-7f253c021000 rw-p 00000000 00:00 0 
7f253c021000-7f2540000000 ---p 00000000 00:00 0 
7f2540000000-7f2540021000 rw-p 00000000 00:00 0 
7f2540021000-7f2544000000 ---p 00000000 00:00 0 
7f25440ae000-7f25440b2000 r--s 0009a000 08:01 10489215                   /usr/lib/jvm/java-8-openjdk-amd64/jre/lib/jsse.jar
7f25440b2000-7f25442b2000 rw-p 00000000 00:00 0 
7f25442b2000-7f25444b2000 rw-p 00000000 00:00 0 
7f25444b2000-7f25446b2000 rw-p 00000000 00:00 0 
7f25446b2000-7f25448b2000 rw-p 00000000 00:00 0 
7f25448b2000-7f2544ab2000 rw-p 00000000 00:00 0 
7f2544ab2000-7f2544aba000 r--s 0007b000 08:01 11141261                   /home/pavan/.m2/repository/com/google/protobuf/protobuf-java/2.5.0/protobuf-java-2.5.0.jar
7f2544aba000-7f2544abc000 r--s 00031000 08:01 10487034                   /home/pavan/.m2/repository/cljsjs/react/15.2.1-0/react-15.2.1-0.jar
7f2544abc000-7f2544abd000 r--s 00000000 08:01 11142075                   /home/pavan/.m2/repository/crypto-random/crypto-random/1.2.0/crypto-random-1.2.0.jar
7f2544abd000-7f2544abe000 r--s 00001000 08:01 10486961                   /home/pavan/.m2/repository/org/clojure/core.cache/0.6.5/core.cache-0.6.5.jar
7f2544abe000-7f2544ac0000 r--s 00002000 08:01 10487039                   /home/pavan/.m2/repository/binaryage/env-config/0.1.1/env-config-0.1.1.jar
7f2544ac0000-7f2544aec000 r--s 00208000 08:01 11141260                   /home/pavan/.m2/repository/com/google/guava/guava/19.0/guava-19.0.jar
7f2544aec000-7f2544aee000 r--s 00012000 08:01 10487025                   /home/pavan/.m2/repository/hawk/hawk/0.2.11/hawk-0.2.11.jar
7f2544aee000-7f2544af1000 r--s 000ae000 08:01 10486497                   /home/pavan/.m2/repository/org/clojure/clojurescript/1.9.229/clojurescript-1.9.229.jar
7f2544af1000-7f2544af3000 r--s 00001000 08:01 11141286                   /home/pavan/.m2/repository/net/cgrand/sjacket/0.1.1/sjacket-0.1.1.jar
7f2544af3000-7f2544aff000 r--s 0010b000 08:01 10486504                   /home/pavan/.m2/repository/org/mozilla/rhino/1.7R5/rhino-1.7R5.jar
7f2544aff000-7f2544b32000 r--s 00333000 08:01 11141256                   /home/pavan/.m2/repository/com/google/javascript/closure-compiler-unshaded/v20160315/closure-compiler-unshaded-v20160315.jar
7f2544b32000-7f2544b34000 r--s 0000a000 08:01 11141268                   /home/pavan/.m2/repository/org/clojure/tools.reader/1.0.0-beta3/tools.reader-1.0.0-beta3.jar
7f2544b34000-7f2544b35000 r--s 00001000 08:01 10486962                   /home/pavan/.m2/repository/org/clojure/data.priority-map/0.0.7/data.priority-map-0.0.7.jar
7f2544b35000-7f2544b36000 r--s 00001000 08:01 10486276                   /home/pavan/.m2/repository/org/clojure/data.json/0.2.6/data.json-0.2.6.jar
7f2544b36000-7f2544b3b000 r--s 0002a000 08:01 11141264                   /home/pavan/.m2/repository/com/google/code/gson/gson/2.2.4/gson-2.2.4.jar
7f2544b3b000-7f2544b40000 r--s 00030000 08:01 10486964                   /home/pavan/.m2/repository/org/ow2/asm/asm-all/4.2/asm-all-4.2.jar
7f2544b40000-7f2544b41000 r--s 00005000 08:01 10487017                   /home/pavan/.m2/repository/figwheel/figwheel/0.5.10/figwheel-0.5.10.jar
7f2544b41000-7f2544b43000 r--s 00000000 08:01 10487037                   /home/pavan/.m2/repository/cljsjs/react-dom/15.2.1-0/react-dom-15.2.1-0.jar
7f2544b43000-7f2544b44000 r--s 00002000 08:01 11142050                   /home/pavan/.m2/repository/clj-stacktrace/clj-stacktrace/0.2.8/clj-stacktrace-0.2.8.jar
7f2544b44000-7f2544b45000 r--s 00008000 08:01 10486507                   /home/pavan/.m2/repository/org/clojure/tools.analyzer.jvm/0.7.0/tools.analyzer.jvm-0.7.0.jar
7f2544b45000-7f2544b47000 r--s 00006000 08:01 11141280                   /home/pavan/.m2/repository/ring/ring-core/1.5.0/ring-core-1.5.0.jar
7f2544b47000-7f2544b4b000 r--s 00026000 08:01 10487023                   /home/pavan/.m2/repository/http-kit/http-kit/2.2.0/http-kit-2.2.0.jar
7f2544b4b000-7f2544b4e000 r--s 00006000 08:01 11141265                   /home/pavan/.m2/repository/com/google/code/findbugs/jsr305/1.3.9/jsr305-1.3.9.jar
7f2544b4e000-7f2544b4f000 r--s 00002000 08:01 11141272                   /home/pavan/.m2/repository/com/cemerick/piggieback/0.2.1/piggieback-0.2.1.jar
7f2544b4f000-7f2544b50000 r--s 00001000 08:01 10486525                   /home/pavan/.m2/repository/org/clojure/core.memoize/0.5.9/core.memoize-0.5.9.jar
7f2544b50000-7f2544b80000 r--s 00541000 08:01 10486500                   /home/pavan/.m2/repository/org/clojure/google-closure-library/0.0-20160609-f42b4a24/google-closure-library-0.0-20160609-f42b4a24.jar
7f2544b80000-7f2544b82000 r--s 00010000 08:01 10486501                   /home/pavan/.m2/repository/org/clojure/google-closure-library-third-party/0.0-20160609-f42b4a24/google-closure-library-third-party-0.0-20160609-f42b4a24.jar
7f2544b82000-7f2544b84000 r--s 0000f000 08:01 11142012                   /home/pavan/.m2/repository/commons-fileupload/commons-fileupload/1.3.1/commons-fileupload-1.3.1.jar
7f2544b84000-7f2544b85000 ---p 00000000 00:00 0 
7f2544b85000-7f2544c85000 rw-p 00000000 00:00 0 
7f2544c85000-7f2544c88000 ---p 00000000 00:00 0 
7f2544c88000-7f2544d86000 rw-p 00000000 00:00 0 
7f2544d86000-7f2544d89000 ---p 00000000 00:00 0 
7f2544d89000-7f2544e87000 rw-p 00000000 00:00 0 
7f2544e87000-7f2544e8a000 ---p 00000000 00:00 0 
7f2544e8a000-7f2544f88000 rw-p 00000000 00:00 0 
7f2544f88000-7f2545260000 r--p 00000000 08:01 21497051                   /usr/lib/locale/locale-archive
7f2545260000-7f2548000000 rw-p 00000000 00:00 0 
7f2548000000-7f2548021000 rw-p 00000000 00:00 0 
7f2548021000-7f254c000000 ---p 00000000 00:00 0 
7f254c000000-7f254c021000 rw-p 00000000 00:00 0 
7f254c021000-7f2550000000 ---p 00000000 00:00 0 
7f2550000000-7f2550021000 rw-p 00000000 00:00 0 
7f2550021000-7f2554000000 ---p 00000000 00:00 0 
7f2554000000-7f2554002000 r--s 0004a000 08:01 10487022                   /home/pavan/.m2/repository/figwheel-sidecar/figwheel-sidecar/0.5.10/figwheel-sidecar-0.5.10.jar
7f2554002000-7f2554003000 r--s 00001000 08:01 11141278                   /home/pavan/.m2/repository/ring/ring-codec/1.0.1/ring-codec-1.0.1.jar
7f2554003000-7f2554004000 r--s 00001000 08:01 10487019                   /home/pavan/.m2/repository/ring-cors/ring-cors/0.1.8/ring-cors-0.1.8.jar
7f2554004000-7f2554005000 r--s 00001000 08:01 11141274                   /home/pavan/.m2/repository/com/stuartsierra/dependency/0.2.0/dependency-0.2.0.jar
7f2554005000-7f2554007000 r--s 00000000 08:01 10487035                   /home/pavan/.m2/repository/cljsjs/react-dom-server/15.2.1-0/react-dom-server-15.2.1-0.jar
7f2554007000-7f255400a000 r--s 00010000 08:01 10486498                   /home/pavan/.m2/repository/args4j/args4j/2.0.26/args4j-2.0.26.jar
7f255400a000-7f255400b000 r--s 00002000 08:01 10487598                   /home/pavan/.m2/repository/clojure-complete/clojure-complete/0.2.4/clojure-complete-0.2.4.jar
7f255400b000-7f255400d000 r--s 00002000 08:01 10486340                   /home/pavan/.m2/repository/simple-lein-profile-merge/simple-lein-profile-merge/0.1.4/simple-lein-profile-merge-0.1.4.jar
7f255400d000-7f255400e000 r--s 00004000 08:01 11141275                   /home/pavan/.m2/repository/com/stuartsierra/component/0.3.1/component-0.3.1.jar
7f255400e000-7f2554010000 r--s 0000f000 08:01 10487028                   /home/pavan/.m2/repository/strictly-specking-standalone/strictly-specking-standalone/0.1.1/strictly-specking-standalone-0.1.1.jar
7f2554010000-7f2554011000 r--s 00023000 08:01 11141257                   /home/pavan/.m2/repository/com/google/javascript/closure-compiler-externs/v20160315/closure-compiler-externs-v20160315.jar
7f2554011000-7f2554015000 r--s 0002f000 08:01 11141249                   /home/pavan/.m2/repository/commons-io/commons-io/2.5/commons-io-2.5.jar
7f2554015000-7f2554016000 r--s 00009000 08:01 10487594                   /home/pavan/.m2/repository/org/clojure/tools.nrepl/0.2.12/tools.nrepl-0.2.12.jar
7f2554016000-7f2554017000 r--s 00007000 08:01 10486508                   /home/pavan/.m2/repository/org/clojure/tools.analyzer/0.6.9/tools.analyzer-0.6.9.jar
7f2554017000-7f255401a000 r--s 000cf000 08:01 11141254                   /home/pavan/.m2/repository/net/java/dev/jna/jna/3.2.2/jna-3.2.2.jar
7f255401a000-7f255401b000 r--s 0000c000 08:01 10487038                   /home/pavan/.m2/repository/binaryage/devtools/0.9.2/devtools-0.9.2.jar
7f255401b000-7f255401d000 r--s 0000d000 08:01 10486505                   /home/pavan/.m2/repository/org/clojure/core.async/0.3.442/core.async-0.3.442.jar
7f255401d000-7f255401e000 r--s 00000000 08:01 11142076                   /home/pavan/.m2/repository/crypto-equality/crypto-equality/1.0.0/crypto-equality-1.0.0.jar
7f255401e000-7f2554020000 r--s 00006000 08:01 10487029                   /home/pavan/.m2/repository/reagent/reagent/0.6.0/reagent-0.6.0.jar
7f2554020000-7f2554030000 r--s 00088000 08:01 11141250                   /home/pavan/.m2/repository/joda-time/joda-time/2.8.2/joda-time-2.8.2.jar
7f2554030000-7f2554073000 r--s 00332000 08:01 10487595                   /home/pavan/.m2/repository/org/clojure/clojure/1.8.0/clojure-1.8.0.jar
7f2554073000-7f255408e000 r--s 00394000 08:01 10489208                   /usr/lib/jvm/java-8-openjdk-amd64/jre/lib/ext/cldrdata.jar
7f255408e000-7f2554091000 ---p 00000000 00:00 0 
7f2554091000-7f255418f000 rw-p 00000000 00:00 0 
7f255418f000-7f2554192000 ---p 00000000 00:00 0 
7f2554192000-7f2554290000 rw-p 00000000 00:00 0 
7f2554290000-7f2554293000 ---p 00000000 00:00 0 
7f2554293000-7f2554391000 rw-p 00000000 00:00 0 
7f2554391000-7f2554394000 ---p 00000000 00:00 0 
7f2554394000-7f2554492000 rw-p 00000000 00:00 0 
7f2554492000-7f2554493000 ---p 00000000 00:00 0 
7f2554493000-7f2555000000 rw-p 00000000 00:00 0 
7f2555000000-7f2555630000 rwxp 00000000 00:00 0 
7f2555630000-7f2564000000 ---p 00000000 00:00 0 
7f2564000000-7f2564eda000 rw-p 00000000 00:00 0 
7f2564eda000-7f2568000000 ---p 00000000 00:00 0 
7f2568000000-7f2568002000 r--s 00004000 08:01 11141279                   /home/pavan/.m2/repository/clj-time/clj-time/0.11.0/clj-time-0.11.0.jar
7f2568002000-7f2568008000 r--s 00033000 08:01 11141248                   /home/pavan/.m2/repository/commons-codec/commons-codec/1.6/commons-codec-1.6.jar
7f2568008000-7f2568009000 r--s 00003000 08:01 11141287                   /home/pavan/.m2/repository/net/cgrand/regex/1.1.0/regex-1.1.0.jar
7f2568009000-7f256800a000 r--s 00005000 08:01 11141284                   /home/pavan/.m2/repository/net/cgrand/parsley/0.9.3/parsley-0.9.3.jar
7f256800a000-7f256800d000 r--s 00007000 08:01 11141251                   /home/pavan/.m2/repository/net/incongru/watchservice/barbary-watchservice/1.0/barbary-watchservice-1.0.jar
7f256800d000-7f2568010000 r--s 0000f000 08:01 10489207                   /usr/lib/jvm/java-8-openjdk-amd64/jre/lib/ext/icedtea-sound.jar
7f2568010000-7f2568011000 r--s 0000a000 08:01 10489213                   /usr/lib/jvm/java-8-openjdk-amd64/jre/lib/ext/jaccess.jar
7f2568011000-7f2568013000 r--s 00008000 08:01 10489203                   /usr/lib/jvm/java-8-openjdk-amd64/jre/lib/ext/sunec.jar
7f2568013000-7f2568018000 r--s 0003b000 08:01 10489212                   /usr/lib/jvm/java-8-openjdk-amd64/jre/lib/ext/sunjce_provider.jar
7f2568018000-7f256858b000 rw-p 00000000 00:00 0 
7f256858b000-7f2568759000 r--s 03c06000 08:01 10489219                   /usr/lib/jvm/java-8-openjdk-amd64/jre/lib/rt.jar
7f2568759000-7f25692a9000 rw-p 00000000 00:00 0 
7f25692a9000-7f25692aa000 ---p 00000000 00:00 0 
7f25692aa000-7f25693aa000 rw-p 00000000 00:00 0 
7f25693aa000-7f25693ab000 ---p 00000000 00:00 0 
7f25693ab000-7f25694ab000 rw-p 00000000 00:00 0 
7f25694ab000-7f25694ac000 ---p 00000000 00:00 0 
7f25694ac000-7f25695ac000 rw-p 00000000 00:00 0 
7f25695ac000-7f25695ad000 ---p 00000000 00:00 0 
7f25695ad000-7f25696d3000 rw-p 00000000 00:00 0 
7f25696d3000-7f2569894000 ---p 00000000 00:00 0 
7f2569894000-7f25698ba000 rw-p 00000000 00:00 0 
7f25698ba000-7f2569a7a000 ---p 00000000 00:00 0 
7f2569a7a000-7f2569b32000 rw-p 00000000 00:00 0 
7f2569b32000-7f2569b6e000 ---p 00000000 00:00 0 
7f2569b6e000-7f2569b88000 rw-p 00000000 00:00 0 
7f2569b88000-7f2569f2f000 ---p 00000000 00:00 0 
7f2569f2f000-7f2569f37000 r-xp 00000000 08:01 10487222                   /usr/lib/jvm/java-8-openjdk-amd64/jre/lib/amd64/libzip.so
7f2569f37000-7f256a136000 ---p 00008000 08:01 10487222                   /usr/lib/jvm/java-8-openjdk-amd64/jre/lib/amd64/libzip.so
7f256a136000-7f256a137000 r--p 00007000 08:01 10487222                   /usr/lib/jvm/java-8-openjdk-amd64/jre/lib/amd64/libzip.so
7f256a137000-7f256a138000 rw-p 00008000 08:01 10487222                   /usr/lib/jvm/java-8-openjdk-amd64/jre/lib/amd64/libzip.so
7f256a138000-7f256a143000 r-xp 00000000 08:01 23086015                   /lib/x86_64-linux-gnu/libnss_files-2.23.so
7f256a143000-7f256a342000 ---p 0000b000 08:01 23086015                   /lib/x86_64-linux-gnu/libnss_files-2.23.so
7f256a342000-7f256a343000 r--p 0000a000 08:01 23086015                   /lib/x86_64-linux-gnu/libnss_files-2.23.so
7f256a343000-7f256a344000 rw-p 0000b000 08:01 23086015                   /lib/x86_64-linux-gnu/libnss_files-2.23.so
7f256a344000-7f256a34a000 rw-p 00000000 00:00 0 
7f256a34a000-7f256a355000 r-xp 00000000 08:01 23074533                   /lib/x86_64-linux-gnu/libnss_nis-2.23.so
7f256a355000-7f256a554000 ---p 0000b000 08:01 23074533                   /lib/x86_64-linux-gnu/libnss_nis-2.23.so
7f256a554000-7f256a555000 r--p 0000a000 08:01 23074533                   /lib/x86_64-linux-gnu/libnss_nis-2.23.so
7f256a555000-7f256a556000 rw-p 0000b000 08:01 23074533                   /lib/x86_64-linux-gnu/libnss_nis-2.23.so
7f256a556000-7f256a56c000 r-xp 00000000 08:01 23074535                   /lib/x86_64-linux-gnu/libnsl-2.23.so
7f256a56c000-7f256a76b000 ---p 00016000 08:01 23074535                   /lib/x86_64-linux-gnu/libnsl-2.23.so
7f256a76b000-7f256a76c000 r--p 00015000 08:01 23074535                   /lib/x86_64-linux-gnu/libnsl-2.23.so
7f256a76c000-7f256a76d000 rw-p 00016000 08:01 23074535                   /lib/x86_64-linux-gnu/libnsl-2.23.so
7f256a76d000-7f256a76f000 rw-p 00000000 00:00 0 
7f256a76f000-7f256a777000 r-xp 00000000 08:01 23086017                   /lib/x86_64-linux-gnu/libnss_compat-2.23.so
7f256a777000-7f256a976000 ---p 00008000 08:01 23086017                   /lib/x86_64-linux-gnu/libnss_compat-2.23.so
7f256a976000-7f256a977000 r--p 00007000 08:01 23086017                   /lib/x86_64-linux-gnu/libnss_compat-2.23.so
7f256a977000-7f256a978000 rw-p 00008000 08:01 23086017                   /lib/x86_64-linux-gnu/libnss_compat-2.23.so
7f256a978000-7f256a9a5000 r-xp 00000000 08:01 10487247                   /usr/lib/jvm/java-8-openjdk-amd64/jre/lib/amd64/libjava.so
7f256a9a5000-7f256aba4000 ---p 0002d000 08:01 10487247                   /usr/lib/jvm/java-8-openjdk-amd64/jre/lib/amd64/libjava.so
7f256aba4000-7f256aba5000 r--p 0002c000 08:01 10487247                   /usr/lib/jvm/java-8-openjdk-amd64/jre/lib/amd64/libjava.so
7f256aba5000-7f256aba7000 rw-p 0002d000 08:01 10487247                   /usr/lib/jvm/java-8-openjdk-amd64/jre/lib/amd64/libjava.so
7f256aba7000-7f256abb6000 r-xp 00000000 08:01 10487215                   /usr/lib/jvm/java-8-openjdk-amd64/jre/lib/amd64/libverify.so
7f256abb6000-7f256adb5000 ---p 0000f000 08:01 10487215                   /usr/lib/jvm/java-8-openjdk-amd64/jre/lib/amd64/libverify.so
7f256adb5000-7f256adb7000 r--p 0000e000 08:01 10487215                   /usr/lib/jvm/java-8-openjdk-amd64/jre/lib/amd64/libverify.so
7f256adb7000-7f256adb8000 rw-p 00010000 08:01 10487215                   /usr/lib/jvm/java-8-openjdk-amd64/jre/lib/amd64/libverify.so
7f256adb8000-7f256adbf000 r-xp 00000000 08:01 23086018                   /lib/x86_64-linux-gnu/librt-2.23.so
7f256adbf000-7f256afbe000 ---p 00007000 08:01 23086018                   /lib/x86_64-linux-gnu/librt-2.23.so
7f256afbe000-7f256afbf000 r--p 00006000 08:01 23086018                   /lib/x86_64-linux-gnu/librt-2.23.so
7f256afbf000-7f256afc0000 rw-p 00007000 08:01 23086018                   /lib/x86_64-linux-gnu/librt-2.23.so
7f256afc0000-7f256afd6000 r-xp 00000000 08:01 23073164                   /lib/x86_64-linux-gnu/libgcc_s.so.1
7f256afd6000-7f256b1d5000 ---p 00016000 08:01 23073164                   /lib/x86_64-linux-gnu/libgcc_s.so.1
7f256b1d5000-7f256b1d6000 rw-p 00015000 08:01 23073164                   /lib/x86_64-linux-gnu/libgcc_s.so.1
7f256b1d6000-7f256b2de000 r-xp 00000000 08:01 23074534                   /lib/x86_64-linux-gnu/libm-2.23.so
7f256b2de000-7f256b4dd000 ---p 00108000 08:01 23074534                   /lib/x86_64-linux-gnu/libm-2.23.so
7f256b4dd000-7f256b4de000 r--p 00107000 08:01 23074534                   /lib/x86_64-linux-gnu/libm-2.23.so
7f256b4de000-7f256b4df000 rw-p 00108000 08:01 23074534                   /lib/x86_64-linux-gnu/libm-2.23.so
7f256b4df000-7f256b651000 r-xp 00000000 08:01 21495837                   /usr/lib/x86_64-linux-gnu/libstdc++.so.6.0.21
7f256b651000-7f256b851000 ---p 00172000 08:01 21495837                   /usr/lib/x86_64-linux-gnu/libstdc++.so.6.0.21
7f256b851000-7f256b85b000 r--p 00172000 08:01 21495837                   /usr/lib/x86_64-linux-gnu/libstdc++.so.6.0.21
7f256b85b000-7f256b85d000 rw-p 0017c000 08:01 21495837                   /usr/lib/x86_64-linux-gnu/libstdc++.so.6.0.21
7f256b85d000-7f256b861000 rw-p 00000000 00:00 0 
7f256b861000-7f256c4b1000 r-xp 00000000 08:01 10487242                   /usr/lib/jvm/java-8-openjdk-amd64/jre/lib/amd64/server/libjvm.so
7f256c4b1000-7f256c6b0000 ---p 00c50000 08:01 10487242                   /usr/lib/jvm/java-8-openjdk-amd64/jre/lib/amd64/server/libjvm.so
7f256c6b0000-7f256c743000 r--p 00c4f000 08:01 10487242                   /usr/lib/jvm/java-8-openjdk-amd64/jre/lib/amd64/server/libjvm.so
7f256c743000-7f256c76c000 rw-p 00ce2000 08:01 10487242                   /usr/lib/jvm/java-8-openjdk-amd64/jre/lib/amd64/server/libjvm.so
7f256c76c000-7f256c79c000 rw-p 00000000 00:00 0 
7f256c79c000-7f256c7b4000 r-xp 00000000 08:01 23086022                   /lib/x86_64-linux-gnu/libpthread-2.23.so
7f256c7b4000-7f256c9b3000 ---p 00018000 08:01 23086022                   /lib/x86_64-linux-gnu/libpthread-2.23.so
7f256c9b3000-7f256c9b4000 r--p 00017000 08:01 23086022                   /lib/x86_64-linux-gnu/libpthread-2.23.so
7f256c9b4000-7f256c9b5000 rw-p 00018000 08:01 23086022                   /lib/x86_64-linux-gnu/libpthread-2.23.so
7f256c9b5000-7f256c9b9000 rw-p 00000000 00:00 0 
7f256c9b9000-7f256c9bc000 r-xp 00000000 08:01 23074532                   /lib/x86_64-linux-gnu/libdl-2.23.so
7f256c9bc000-7f256cbbb000 ---p 00003000 08:01 23074532                   /lib/x86_64-linux-gnu/libdl-2.23.so
7f256cbbb000-7f256cbbc000 r--p 00002000 08:01 23074532                   /lib/x86_64-linux-gnu/libdl-2.23.so
7f256cbbc000-7f256cbbd000 rw-p 00003000 08:01 23074532                   /lib/x86_64-linux-gnu/libdl-2.23.so
7f256cbbd000-7f256cbd6000 r-xp 00000000 08:01 23073317                   /lib/x86_64-linux-gnu/libz.so.1.2.8
7f256cbd6000-7f256cdd5000 ---p 00019000 08:01 23073317                   /lib/x86_64-linux-gnu/libz.so.1.2.8
7f256cdd5000-7f256cdd6000 r--p 00018000 08:01 23073317                   /lib/x86_64-linux-gnu/libz.so.1.2.8
7f256cdd6000-7f256cdd7000 rw-p 00019000 08:01 23073317                   /lib/x86_64-linux-gnu/libz.so.1.2.8
7f256cdd7000-7f256cf96000 r-xp 00000000 08:01 23074536                   /lib/x86_64-linux-gnu/libc-2.23.so
7f256cf96000-7f256d196000 ---p 001bf000 08:01 23074536                   /lib/x86_64-linux-gnu/libc-2.23.so
7f256d196000-7f256d19a000 r--p 001bf000 08:01 23074536                   /lib/x86_64-linux-gnu/libc-2.23.so
7f256d19a000-7f256d19c000 rw-p 001c3000 08:01 23074536                   /lib/x86_64-linux-gnu/libc-2.23.so
7f256d19c000-7f256d1a0000 rw-p 00000000 00:00 0 
7f256d1a0000-7f256d1ad000 r-xp 00000000 08:01 10487237                   /usr/lib/jvm/java-8-openjdk-amd64/jre/lib/amd64/jli/libjli.so
7f256d1ad000-7f256d3ad000 ---p 0000d000 08:01 10487237                   /usr/lib/jvm/java-8-openjdk-amd64/jre/lib/amd64/jli/libjli.so
7f256d3ad000-7f256d3ae000 r--p 0000d000 08:01 10487237                   /usr/lib/jvm/java-8-openjdk-amd64/jre/lib/amd64/jli/libjli.so
7f256d3ae000-7f256d3af000 rw-p 0000e000 08:01 10487237                   /usr/lib/jvm/java-8-openjdk-amd64/jre/lib/amd64/jli/libjli.so
7f256d3af000-7f256d3d5000 r-xp 00000000 08:01 23074537                   /lib/x86_64-linux-gnu/ld-2.23.so
7f256d3d5000-7f256d3f0000 r--s 001d6000 08:01 10489205                   /usr/lib/jvm/java-8-openjdk-amd64/jre/lib/ext/nashorn.jar
7f256d3f0000-7f256d4b1000 rw-p 00000000 00:00 0 
7f256d4b1000-7f256d4b4000 ---p 00000000 00:00 0 
7f256d4b4000-7f256d5b7000 rw-p 00000000 00:00 0 
7f256d5b7000-7f256d5bb000 r--s 00037000 08:01 10489210                   /usr/lib/jvm/java-8-openjdk-amd64/jre/lib/ext/sunpkcs11.jar
7f256d5bb000-7f256d5bd000 r--s 00001000 08:01 10489206                   /usr/lib/jvm/java-8-openjdk-amd64/jre/lib/ext/dnsns.jar
7f256d5bd000-7f256d5be000 r--s 00010000 08:01 10489209                   /usr/lib/jvm/java-8-openjdk-amd64/jre/lib/ext/zipfs.jar
7f256d5be000-7f256d5c8000 r--s 00116000 08:01 10489211                   /usr/lib/jvm/java-8-openjdk-amd64/jre/lib/ext/localedata.jar
7f256d5c8000-7f256d5d0000 rw-s 00000000 08:01 27525147                   /tmp/hsperfdata_pavan/6840
7f256d5d0000-7f256d5d1000 rw-p 00000000 00:00 0 
7f256d5d1000-7f256d5d2000 ---p 00000000 00:00 0 
7f256d5d2000-7f256d5d4000 rw-p 00000000 00:00 0 
7f256d5d4000-7f256d5d5000 r--p 00025000 08:01 23074537                   /lib/x86_64-linux-gnu/ld-2.23.so
7f256d5d5000-7f256d5d6000 rw-p 00026000 08:01 23074537                   /lib/x86_64-linux-gnu/ld-2.23.so
7f256d5d6000-7f256d5d7000 rw-p 00000000 00:00 0 
7ffd3366f000-7ffd33692000 rw-p 00000000 00:00 0                          [stack]
7ffd33710000-7ffd33712000 r--p 00000000 00:00 0                          [vvar]
7ffd33712000-7ffd33714000 r-xp 00000000 00:00 0                          [vdso]
ffffffffff600000-ffffffffff601000 r-xp 00000000 00:00 0                  [vsyscall]

VM Arguments:
jvm_args: -Dfile.encoding=UTF-8 -XX:+TieredCompilation -XX:TieredStopAtLevel=1 -XX:-OmitStackTraceInFastThrow -Dclojure.compile.path=null -D.version=null -Dclojure.debug=false 
java_command: clojure.main -i /tmp/form-init6721524681108148067.clj
java_class_path (initial): /home/pavan/Desktop/chain-reaction/src:/home/pavan/Desktop/chain-reaction/dev:/home/pavan/Desktop/chain-reaction/src:/home/pavan/Desktop/chain-reaction/src:/home/pavan/Desktop/chain-reaction/dev-resources:/home/pavan/Desktop/chain-reaction/resources:/home/pavan/.m2/repository/org/clojure/clojure/1.8.0/clojure-1.8.0.jar:/home/pavan/.m2/repository/net/incongru/watchservice/barbary-watchservice/1.0/barbary-watchservice-1.0.jar:/home/pavan/.m2/repository/net/cgrand/parsley/0.9.3/parsley-0.9.3.jar:/home/pavan/.m2/repository/net/cgrand/regex/1.1.0/regex-1.1.0.jar:/home/pavan/.m2/repository/commons-codec/commons-codec/1.6/commons-codec-1.6.jar:/home/pavan/.m2/repository/clj-time/clj-time/0.11.0/clj-time-0.11.0.jar:/home/pavan/.m2/repository/joda-time/joda-time/2.8.2/joda-time-2.8.2.jar:/home/pavan/.m2/repository/reagent/reagent/0.6.0/reagent-0.6.0.jar:/home/pavan/.m2/repository/crypto-equality/crypto-equality/1.0.0/crypto-equality-1.0.0.jar:/home/pavan/.m2/repository/org/clojure/core.async/0.3.442/core.async-0.3.442.jar:/home/pavan/.m2/repository/binaryage/devtools/0.9.2/devtools-0.9.2.jar:/home/pavan/.m2/repository/net/java/dev/jna/jna/3.2.2/jna-3.2.2.jar:/home/pavan/.m2/repository/org/clojure/tools.analyzer/0.6.9/tools.analyzer-0.6.9.jar:/home/pavan/.m2/repository/org/clojure/tools.nrepl/0.2.12/tools.nrepl-0.2.12.jar:/home/pavan/.m2/repository/commons-io/commons-io/2.5/commons-io-2.5.jar:/home/pavan/.m2/repository/com/google/javascript/closure-compiler-externs/v20160315/closure-compiler-externs-v20160315.jar:/home/pavan/.m2/repository/strictly-specking-standalone/strictly-specking-standalone/0.1.1/strictly-specking-standalone-0.1.1.jar:/home/pavan/.m2/repository/com/stuartsierra/component/0.3.1/component-0.3.1.jar:/home/pavan/.m2/repository/simple-lein-profile-merge/simple-lein-profile-merge/0.1.4/simple-lein-profile-merge-0.1.4.jar:/home/pavan/.m2/repository/clojure-complete/clojure-complete/0.2.4/clojure-complete-0.2.4.jar:/home/pavan/.m2/r
Launcher Type: SUN_STANDARD

Environment Variables:
CLASSPATH=/home/pavan/.lein/self-installs/leiningen-2.7.1-standalone.jar
PATH=/home/pavan/bin:/home/pavan/.local/bin:/usr/local/sbin:/usr/local/bin:/usr/sbin:/usr/bin:/sbin:/bin:/usr/games:/usr/local/games:/snap/bin
SHELL=/bin/bash
DISPLAY=:0

Signal Handlers:
SIGSEGV: [libjvm.so+0xa66fd0], sa_mask[0]=11111111011111111101111111111110, sa_flags=SA_RESTART|SA_SIGINFO
SIGBUS: [libjvm.so+0xa66fd0], sa_mask[0]=11111111011111111101111111111110, sa_flags=SA_RESTART|SA_SIGINFO
SIGFPE: [libjvm.so+0x8b0180], sa_mask[0]=11111111011111111101111111111110, sa_flags=SA_RESTART|SA_SIGINFO
SIGPIPE: [libjvm.so+0x8b0180], sa_mask[0]=11111111011111111101111111111110, sa_flags=SA_RESTART|SA_SIGINFO
SIGXFSZ: [libjvm.so+0x8b0180], sa_mask[0]=11111111011111111101111111111110, sa_flags=SA_RESTART|SA_SIGINFO
SIGILL: [libjvm.so+0x8b0180], sa_mask[0]=11111111011111111101111111111110, sa_flags=SA_RESTART|SA_SIGINFO
SIGUSR1: SIG_DFL, sa_mask[0]=00000000000000000000000000000000, sa_flags=none
SIGUSR2: [libjvm.so+0x8b0030], sa_mask[0]=00100000000000000000000000000000, sa_flags=SA_RESTART|SA_SIGINFO
SIGHUP: [libjvm.so+0x8b0500], sa_mask[0]=11111111011111111101111111111110, sa_flags=SA_RESTART|SA_SIGINFO
SIGINT: [libjvm.so+0x8b0500], sa_mask[0]=11111111011111111101111111111110, sa_flags=SA_RESTART|SA_SIGINFO
SIGTERM: [libjvm.so+0x8b0500], sa_mask[0]=11111111011111111101111111111110, sa_flags=SA_RESTART|SA_SIGINFO
SIGQUIT: [libjvm.so+0x8b0500], sa_mask[0]=11111111011111111101111111111110, sa_flags=SA_RESTART|SA_SIGINFO


---------------  S Y S T E M  ---------------

OS:DISTRIB_ID=Ubuntu
DISTRIB_RELEASE=16.04
DISTRIB_CODENAME=xenial
DISTRIB_DESCRIPTION="Ubuntu 16.04.2 LTS"

uname:Linux 4.4.0-75-generic #96-Ubuntu SMP Thu Apr 20 09:56:33 UTC 2017 x86_64
libc:glibc 2.23 NPTL 2.23 
rlimit: STACK 8192k, CORE 0k, NPROC 23187, NOFILE 65536, AS infinity
load average:0.17 0.25 0.16

/proc/meminfo:
MemTotal:        5976268 kB
MemFree:         2017600 kB
MemAvailable:    2748616 kB
Buffers:          105084 kB
Cached:          1041800 kB
SwapCached:            0 kB
Active:          3027508 kB
Inactive:         669548 kB
Active(anon):    2553952 kB
Inactive(anon):   233896 kB
Active(file):     473556 kB
Inactive(file):   435652 kB
Unevictable:         200 kB
Mlocked:             200 kB
SwapTotal:       6155260 kB
SwapFree:        6155260 kB
Dirty:             17392 kB
Writeback:             0 kB
AnonPages:       2554608 kB
Mapped:           457980 kB
Shmem:            237608 kB
Slab:             115468 kB
SReclaimable:      68212 kB
SUnreclaim:        47256 kB
KernelStack:       13104 kB
PageTables:        73500 kB
NFS_Unstable:          0 kB
Bounce:                0 kB
WritebackTmp:          0 kB
CommitLimit:     9143392 kB
Committed_AS:    9717296 kB
VmallocTotal:   34359738367 kB
VmallocUsed:           0 kB
VmallocChunk:          0 kB
HardwareCorrupted:     0 kB
AnonHugePages:   1271808 kB
CmaTotal:              0 kB
CmaFree:               0 kB
HugePages_Total:       0
HugePages_Free:        0
HugePages_Rsvd:        0
HugePages_Surp:        0
Hugepagesize:       2048 kB
DirectMap4k:      206072 kB
DirectMap2M:     5951488 kB


CPU:total 4 (2 cores per cpu, 2 threads per core) family 6 model 58 stepping 9, cmov, cx8, fxsr, mmx, sse, sse2, sse3, ssse3, sse4.1, sse4.2, popcnt, avx, clmul, erms, ht, tsc, tscinvbit, tscinv

/proc/cpuinfo:
processor	: 0
vendor_id	: GenuineIntel
cpu family	: 6
model		: 58
model name	: Intel(R) Core(TM) i3-3110M CPU @ 2.40GHz
stepping	: 9
microcode	: 0x1c
cpu MHz		: 2284.500
cache size	: 3072 KB
physical id	: 0
siblings	: 4
core id		: 0
cpu cores	: 2
apicid		: 0
initial apicid	: 0
fpu		: yes
fpu_exception	: yes
cpuid level	: 13
wp		: yes
flags		: fpu vme de pse tsc msr pae mce cx8 apic sep mtrr pge mca cmov pat pse36 clflush dts acpi mmx fxsr sse sse2 ss ht tm pbe syscall nx rdtscp lm constant_tsc arch_perfmon pebs bts rep_good nopl xtopology nonstop_tsc aperfmperf eagerfpu pni pclmulqdq dtes64 monitor ds_cpl vmx est tm2 ssse3 cx16 xtpr pdcm pcid sse4_1 sse4_2 x2apic popcnt tsc_deadline_timer xsave avx f16c lahf_lm epb tpr_shadow vnmi flexpriority ept vpid fsgsbase smep erms xsaveopt dtherm arat pln pts
bugs		:
bogomips	: 4789.10
clflush size	: 64
cache_alignment	: 64
address sizes	: 36 bits physical, 48 bits virtual
power management:

processor	: 1
vendor_id	: GenuineIntel
cpu family	: 6
model		: 58
model name	: Intel(R) Core(TM) i3-3110M CPU @ 2.40GHz
stepping	: 9
microcode	: 0x1c
cpu MHz		: 2340.468
cache size	: 3072 KB
physical id	: 0
siblings	: 4
core id		: 0
cpu cores	: 2
apicid		: 1
initial apicid	: 1
fpu		: yes
fpu_exception	: yes
cpuid level	: 13
wp		: yes
flags		: fpu vme de pse tsc msr pae mce cx8 apic sep mtrr pge mca cmov pat pse36 clflush dts acpi mmx fxsr sse sse2 ss ht tm pbe syscall nx rdtscp lm constant_tsc arch_perfmon pebs bts rep_good nopl xtopology nonstop_tsc aperfmperf eagerfpu pni pclmulqdq dtes64 monitor ds_cpl vmx est tm2 ssse3 cx16 xtpr pdcm pcid sse4_1 sse4_2 x2apic popcnt tsc_deadline_timer xsave avx f16c lahf_lm epb tpr_shadow vnmi flexpriority ept vpid fsgsbase smep erms xsaveopt dtherm arat pln pts
bugs		:
bogomips	: 4789.10
clflush size	: 64
cache_alignment	: 64
address sizes	: 36 bits physical, 48 bits virtual
power management:

processor	: 2
vendor_id	: GenuineIntel
cpu family	: 6
model		: 58
model name	: Intel(R) Core(TM) i3-3110M CPU @ 2.40GHz
stepping	: 9
microcode	: 0x1c
cpu MHz		: 2335.968
cache size	: 3072 KB
physical id	: 0
siblings	: 4
core id		: 1
cpu cores	: 2
apicid		: 2
initial apicid	: 2
fpu		: yes
fpu_exception	: yes
cpuid level	: 13
wp		: yes
flags		: fpu vme de pse tsc msr pae mce cx8 apic sep mtrr pge mca cmov pat pse36 clflush dts acpi mmx fxsr sse sse2 ss ht tm pbe syscall nx rdtscp lm constant_tsc arch_perfmon pebs bts rep_good nopl xtopology nonstop_tsc aperfmperf eagerfpu pni pclmulqdq dtes64 monitor ds_cpl vmx est tm2 ssse3 cx16 xtpr pdcm pcid sse4_1 sse4_2 x2apic popcnt tsc_deadline_timer xsave avx f16c lahf_lm epb tpr_shadow vnmi flexpriority ept vpid fsgsbase smep erms xsaveopt dtherm arat pln pts
bugs		:
bogomips	: 4789.10
clflush size	: 64
cache_alignment	: 64
address sizes	: 36 bits physical, 48 bits virtual
power management:

processor	: 3
vendor_id	: GenuineIntel
cpu family	: 6
model		: 58
model name	: Intel(R) Core(TM) i3-3110M CPU @ 2.40GHz
stepping	: 9
microcode	: 0x1c
cpu MHz		: 2110.500
cache size	: 3072 KB
physical id	: 0
siblings	: 4
core id		: 1
cpu cores	: 2
apicid		: 3
initial apicid	: 3
fpu		: yes
fpu_exception	: yes
cpuid level	: 13
wp		: yes
flags		: fpu vme de pse tsc msr pae mce cx8 apic sep mtrr pge mca cmov pat pse36 clflush dts acpi mmx fxsr sse sse2 ss ht tm pbe syscall nx rdtscp lm constant_tsc arch_perfmon pebs bts rep_good nopl xtopology nonstop_tsc aperfmperf eagerfpu pni pclmulqdq dtes64 monitor ds_cpl vmx est tm2 ssse3 cx16 xtpr pdcm pcid sse4_1 sse4_2 x2apic popcnt tsc_deadline_timer xsave avx f16c lahf_lm epb tpr_shadow vnmi flexpriority ept vpid fsgsbase smep erms xsaveopt dtherm arat pln pts
bugs		:
bogomips	: 4789.10
clflush size	: 64
cache_alignment	: 64
address sizes	: 36 bits physical, 48 bits virtual
power management:



Memory: 4k page, physical 5976268k(2017600k free), swap 6155260k(6155260k free)

vm_info: OpenJDK 64-Bit Server VM (25.121-b13) for linux-amd64 JRE (1.8.0_121-8u121-b13-0ubuntu1.16.04.2-b13), built on Jan 23 2017 15:51:29 by "buildd" with gcc 5.4.0 20160609

time: Mon May  1 11:26:19 2017
elapsed time: 7 seconds (0d 0h 0m 7s)

